<?xml version="1.0" encoding="UTF-8"?>
<!-- Generated by org.testng.reporters.JUnitReportReporter -->
<testsuite hostname="DESKTOP-VSMTNPE" failures="0" tests="4" name="testNgDemos.orangeHRMlogin" time="17.933" errors="0" timestamp="2023-12-28T01:37:01 GMT-08:00" skipped="0">
  <testcase classname="testNgDemos.orangeHRMlogin" name="loginOrangeHRM" time="6.187"/>
  <system-out/>
  <testcase classname="testNgDemos.orangeHRMlogin" name="loginOrangeHRM" time="0.998"/>
  <system-out/>
  <testcase classname="testNgDemos.orangeHRMlogin" name="loginOrangeHRM" time="2.304"/>
  <system-out/>
  <testcase classname="testNgDemos.orangeHRMlogin" name="loginOrangeHRM" time="8.444"/>
  <system-out/>
</testsuite> <!-- testNgDemos.orangeHRMlogin -->
