<?xml version="1.0" encoding="UTF-8"?>
<!-- Generated by org.testng.reporters.JUnitReportReporter -->
<testsuite hostname="DESKTOP-VSMTNPE" failures="0" tests="2" name="testNgDemos.multipleTests" time="17.827" errors="0" timestamp="2023-12-27T02:35:41 GMT-08:00" skipped="0">
  <testcase classname="testNgDemos.multipleTests" name="openRediff" time="11.646"/>
  <system-out/>
  <testcase classname="testNgDemos.multipleTests" name="openGoogle" time="6.181"/>
  <system-out/>
</testsuite> <!-- testNgDemos.multipleTests -->
