<?xml version="1.0" encoding="UTF-8"?>
<!-- Generated by org.testng.reporters.JUnitReportReporter -->
<testsuite hostname="DESKTOP-VSMTNPE" failures="0" tests="4" name="testNgDemos.D05openGoogle" time="16.701" errors="0" timestamp="2023-12-26T03:08:57 GMT-08:00" skipped="0">
  <testcase classname="testNgDemos.D05openGoogle" name="opengmail" time="5.019"/>
  <system-out/>
  <testcase classname="testNgDemos.D05openGoogle" name="openImages" time="1.642"/>
  <system-out/>
  <testcase classname="testNgDemos.D05openGoogle" name="openAbout" time="6.373"/>
  <system-out/>
  <testcase classname="testNgDemos.D05openGoogle" name="openAdvertising" time="3.667"/>
  <system-out/>
</testsuite> <!-- testNgDemos.D05openGoogle -->
