<?xml version="1.0" encoding="UTF-8"?>
<!-- Generated by org.testng.reporters.JUnitReportReporter -->
<testsuite hostname="DESKTOP-VSMTNPE" failures="0" tests="1" name="testNgDemos.NewTest" time="10.962" errors="0" timestamp="2023-12-26T01:58:11 GMT-08:00" skipped="0">
  <testcase classname="testNgDemos.NewTest" name="LoginToEchotrack" time="10.962"/>
  <system-out/>
</testsuite> <!-- testNgDemos.NewTest -->
