<?xml version="1.0" encoding="UTF-8"?>
<!-- Generated by org.testng.reporters.JUnitReportReporter -->
<testsuite hostname="DESKTOP-VSMTNPE" failures="0" tests="3" name="testNgDemos.D04" time="11.376" errors="0" timestamp="2023-12-26T02:20:34 GMT-08:00" skipped="0">
  <testcase classname="testNgDemos.D04" name="openEchotrack" time="6.216"/>
  <system-out/>
  <testcase classname="testNgDemos.D04" name="openEchotrack" time="1.925"/>
  <system-out/>
  <testcase classname="testNgDemos.D04" name="openEchotrack" time="3.235"/>
  <system-out/>
</testsuite> <!-- testNgDemos.D04 -->
