<?xml version="1.0" encoding="UTF-8"?>
<!-- Generated by org.testng.reporters.JUnitReportReporter -->
<testsuite hostname="DESKTOP-VSMTNPE" failures="0" tests="1" name="testNgDemos.D10readingFromExcel" time="0.057" errors="0" timestamp="2023-12-28T03:30:08 GMT-08:00" skipped="0">
  <testcase classname="testNgDemos.D10readingFromExcel" name="readingfromExcel" time="0.057"/>
  <system-out/>
</testsuite> <!-- testNgDemos.D10readingFromExcel -->
