<?xml version="1.0" encoding="UTF-8"?>
<!-- Generated by org.testng.reporters.JUnitReportReporter -->
<testsuite hostname="DESKTOP-VSMTNPE" failures="0" tests="2" name="testNgDemos.D06openRediff" time="38.038" errors="0" timestamp="2023-12-27T01:27:00 GMT-08:00" skipped="0">
  <testcase classname="testNgDemos.D06openRediff" name="openRediffMail" time="4.995"/>
  <system-out/>
  <testcase classname="testNgDemos.D06openRediff" name="openMoney" time="33.043"/>
  <system-out/>
</testsuite> <!-- testNgDemos.D06openRediff -->
