<?xml version="1.0" encoding="UTF-8"?>
<!-- Generated by org.testng.reporters.JUnitReportReporter -->
<testsuite hostname="DESKTOP-VSMTNPE" failures="0" tests="1" name="testNgDemos.D09writingtoExcel" time="0.134" errors="0" timestamp="2023-12-28T02:47:53 GMT-08:00" skipped="0">
  <testcase classname="testNgDemos.D09writingtoExcel" name="writeToExcel" time="0.134"/>
  <system-out/>
</testsuite> <!-- testNgDemos.D09writingtoExcel -->
