<?xml version="1.0" encoding="UTF-8"?>
<!-- Generated by org.testng.reporters.JUnitReportReporter -->
<testsuite hostname="DESKTOP-VSMTNPE" failures="0" tests="1" name="testNgDemos.D08rediffClint" time="64.460" errors="0" timestamp="2023-12-27T03:10:52 GMT-08:00" skipped="0">
  <testcase classname="testNgDemos.D08rediffClint" name="rediffPage" time="64.460"/>
  <system-out/>
</testsuite> <!-- testNgDemos.D08rediffClint -->
